[DEBUG] (main) test.cpp:5: 
[INFO] (main) test.cpp:6: 
[WARN] (main) test.cpp:7: 
[DEBUG] test.cpp(main) :5: 
[INFO] test.cpp(main) :6: 
[WARN] test.cpp(main) :7: 
[DEBUG] test.cpp(main):5: 
[INFO] test.cpp(main):6: 
[WARN] test.cpp(main):7: 
[DEBUG] test.cpp(main):5: 111
[INFO] test.cpp(main):6: 222
[WARN] test.cpp(main):7: 333
[DEBUG] 24-02-23 16:56:20.1708678580016776test.cpp(main):5: 111
[INFO] 24-02-23 16:56:20.1708678580018419test.cpp(main):6: 222
[WARN] 24-02-23 16:56:20.1708678580018761test.cpp(main):7: 333
[DEBUG] 24-02-23 16:59:48.170867  test.cpp(main):5: 111
[INFO] 24-02-23 16:59:48.170867  test.cpp(main):6: 222
[WARN] 24-02-23 16:59:48.170867  test.cpp(main):7: 333
[DEBUG] 24-02-23 17:00:37.170867	test.cpp(main):5: 111
[INFO] 24-02-23 17:00:37.170867	test.cpp(main):6: 222
[WARN] 24-02-23 17:00:37.170867	test.cpp(main):7: 333
[DEBUG] 24-02-23 17:00:50.170867		test.cpp(main):5: 111
[INFO] 24-02-23 17:00:50.170867		test.cpp(main):6: 222
[WARN] 24-02-23 17:00:50.170867		test.cpp(main):7: 333
[DEBUG]                         2024-02-23 17:10:25.1708test.cpp(main):5: 111
[INFO]                          2024-02-23 17:10:25.1708test.cpp(main):6: 222
[WARN]                          2024-02-23 17:10:25.1708test.cpp(main):7: 333
[DEBUG] 2024-02-23 17:11:42.1708	test.cpp(main):5: 111
[INFO]  2024-02-23 17:11:42.1708	test.cpp(main):6: 222
[WARN]  2024-02-23 17:11:42.1708	test.cpp(main):7: 333
[DEBUG] 2024-02-23 17:13:43.1708	test.cpp(main):5: 111
[INFO]  2024-02-23 17:13:43.1708	test.cpp(main):6: 222
[WARN]  2024-02-23 17:13:43.1708	test.cpp(main):7: 333
[DEBUG] 2024-02-23 17:14:10.1708  test.cpp(main):5: 111
[INFO]  2024-02-23 17:14:10.1708  test.cpp(main):6: 222
[WARN]  2024-02-23 17:14:10.1708  test.cpp(main):7: 333
[DEBUG] 2024-02-23 17:14:43.17086  test.cpp(main):5: 111
[INFO]  2024-02-23 17:14:43.17086  test.cpp(main):6: 222
[WARN]  2024-02-23 17:14:43.17086  test.cpp(main):7: 333
[DEBUG] 2024-02-23 17:15:28.17086  test.cpp(main):6: 111
[INFO]  2024-02-23 17:15:28.17086  test.cpp(main):7: 222
[WARN]  2024-02-23 17:15:28.17086  test.cpp(main):8: 333


[DEBUG] 2024-02-23 17:15:49.17086  test.cpp(main):6: 111
[INFO]  2024-02-23 17:15:49.17086  test.cpp(main):7: 222
[WARN]  2024-02-23 17:15:49.17086  test.cpp(main):8: 333



